2024-11-11 03:40:31.289 UTC INFO [rg1-rn1] Thread[ rg1-rn1 RepNodeStateUpdateThread,5,RMI Runtime] started
2024-11-11 03:40:31.301 UTC INFO [rg1-rn1] NoSQL version:20.3.18 2021-05-05 05:19:35 UTC  Build id: 8d8b7830ce8d Edition: Community JE version:20.3.17 Java version:11.0.24
2024-11-11 03:40:31.304 UTC INFO [rg1-rn1] Created new environment dir: /mnt/e/Universidad/BD_Avanzadas/tarea3/kv-20.3.18/kv-20.3.18/lib/./kvroot/kvstore/sn1/rg1-rn1/env
2024-11-11 03:40:31.307 UTC INFO [rg1-rn1] Storage type of: /mnt/e/Universidad/BD_Avanzadas/tarea3/kv-20.3.18/kv-20.3.18/lib/./kvroot/kvstore/sn1/rg1-rn1/env is UNKNOWN
2024-11-11 03:40:31.308 UTC INFO [rg1-rn1] Can't get SN memory size. No memory allocation log.
2024-11-11 03:40:31.308 UTC INFO [rg1-rn1] JVM Runtime maxMemory:65,536 kB JE cache size:0 kB Max Offheap cache size:0 kB
2024-11-11 03:40:31.339 UTC INFO [rg1-rn1] Non-default JE properties for environment: {je.cleaner.threads=2, je.evictor.criticalPercentage=20, je.cleaner.minUtilization=40, je.log.numBuffers=16, je.rep.feederTimeout=10 s, je.rep.txnRollbackLimit=10, je.lock.timeout=10 s, je.rep.preHeartbeatTimeoutMs=5000000000, je.env.runVerifier=false, je.cleaner.readSize=1048576, je.log.writeQueueSize=2097152, je.rep.replicaAckTimeout=5 s, je.log.fileCacheSize=2000, je.log.iteratorReadSize=1048576, je.log.fileMax=1073741824, je.lock.nLockTables=97, je.env.runEvictor=true, je.rep.replicaTimeout=10 s, je.rep.consistencyPolicy=NoConsistencyRequiredPolicy, je.rep.ignoreSecondaryNodeId=true, je.cleaner.minFileUtilization=5, je.rep.envUnknownStateTimeout=10 s, je.log.faultReadSize=4096, je.txn.durability=write_no_sync,write_no_sync,simple_majority, je.rep.replayMaxOpenDbHandles=100, je.rep.vlsn.distance=1000000, je.rep.vlsn.logCacheSize=128, je.nodeMaxEntries=128}
2024-11-11 03:40:31.339 UTC INFO [rg1-rn1] DataChannelFactory: basic
2024-11-11 03:40:31.346 UTC INFO [rg1-rn1] Table manager created (max change history=1,000)
2024-11-11 03:40:31.352 UTC INFO [rg1-rn1] Partition database cache mode: EVICT_LN
2024-11-11 03:40:31.357 UTC INFO [rg1-rn1] Starting task: interval is 20 SECONDS, delay is 8643(ms)
2024-11-11 03:40:31.377 UTC INFO [rg1-rn1] Request type ALL is enabled
2024-11-11 03:40:31.383 UTC INFO [rg1-rn1] Thread[ rg1-rn1 MetadataUpdateThread,5,RMI Runtime] started
2024-11-11 03:40:31.384 UTC INFO [rg1-rn1] Registering GC listener with G1 Young Generation
2024-11-11 03:40:31.384 UTC INFO [rg1-rn1] Registering GC listener with G1 Old Generation
2024-11-11 03:40:31.397 UTC INFO [rg1-rn1] Coordinating tasks:KVStorageStats, JEBackupManagerCopyLogFile, KVIndexCreationMax real permits:3
2024-11-11 03:40:31.398 UTC INFO [rg1-rn1] Starting RepNodeService
2024-11-11 03:40:31.399 UTC INFO [rg1-rn1] Starting RN MonitorAgent.  Server socket factory:<ClearServerSocketFactory backlog=1024 portRange=0,0 acceptMaxActiveConns=8192 useAsync> Client socket connect factory: <ClientSocketFactory name=kvstore|rn|monitor id=-1681382062 connectMs=10000 readMs=10000 clientId=none localAddr=none>
2024-11-11 03:40:31.405 UTC INFO [rg1-rn1] kvstore:rg1-rn1:MONITOR service port: 44549
2024-11-11 03:40:31.405 UTC INFO [rg1-rn1] Starting MonitorAgent
2024-11-11 03:40:31.411 UTC INFO [rg1-rn1] Successfully created secure proxy for the repnode admin
2024-11-11 03:40:31.417 UTC INFO [rg1-rn1] kvstore:rg1-rn1:ADMIN service port: 44549
2024-11-11 03:40:31.417 UTC INFO [rg1-rn1] RepNodeAdmin registered
2024-11-11 03:40:31.424 UTC INFO [rg1-rn1] JE: Coordinating tasks:JEBackupManagerCopyLogFileMax real permits:1
2024-11-11 03:40:31.441 UTC INFO [rg1-rn1] JE recovery: POPULATE_UTILIZATION_PROFILE
2024-11-11 03:40:31.442 UTC INFO [rg1-rn1] JE recovery: POPULATE_EXPIRATION_PROFILE
2024-11-11 03:40:31.443 UTC INFO [rg1-rn1] JE recovery: REMOVE_TEMP_DBS
2024-11-11 03:40:31.444 UTC INFO [rg1-rn1] JE recovery: CKPT
2024-11-11 03:40:31.445 UTC INFO [rg1-rn1] JE: Checkpoint Start.Checkpoint Id=1
2024-11-11 03:40:31.502 UTC INFO [rg1-rn1] JE: Checkpoint End. Checkpoint Id=1 success=true
2024-11-11 03:40:31.519 UTC INFO [rg1-rn1] JE recovery: RECOVERY_FINISHED
2024-11-11 03:40:31.523 UTC INFO [rg1-rn1] JE: No server auth method
2024-11-11 03:40:31.526 UTC INFO [rg1-rn1] JE: Started ServiceDispatcher. HostPort=localhost:5003
2024-11-11 03:40:31.530 UTC INFO [rg1-rn1] JE: DTVLSN at start:0
2024-11-11 03:40:31.531 UTC INFO [rg1-rn1] JE: DataChannel factory: com.sleepycat.je.rep.utilint.net.SimpleChannelFactory
2024-11-11 03:40:31.531 UTC INFO [rg1-rn1] JE: node:NullNode(-1) state change from DETACHED to UNKNOWN
2024-11-11 03:40:31.533 UTC INFO [rg1-rn1] JE: Learner started
2024-11-11 03:40:31.534 UTC INFO [rg1-rn1] JE: Acceptor started
2024-11-11 03:40:31.534 UTC INFO [rg1-rn1] JE: Current group size: 0
2024-11-11 03:40:31.535 UTC INFO [rg1-rn1] JE: New node rg1-rn1(-1) unknown to rep group
2024-11-11 03:40:31.535 UTC INFO [rg1-rn1] JE: Learner notified. Proposal:Proposal(00000193194f0daf:ecc5922f027886ea01347fd3a6efdfe9:00000002) Value: Value:127.0.0.1$$$5003$$$rg1-rn1$$$1
2024-11-11 03:40:31.535 UTC INFO [rg1-rn1] JE: Master changed to rg1-rn1
2024-11-11 03:40:31.536 UTC INFO [rg1-rn1] JE: Nascent group. rg1-rn1 is master by virtue of being the first node.
2024-11-11 03:40:31.536 UTC INFO [rg1-rn1] JE: node:rg1-rn1(1) state change from UNKNOWN to MASTER
2024-11-11 03:40:31.705 UTC INFO [rg1-rn1] JE: Successfully added node:rg1-rn1(1) HostPort = 127.0.0.1: 5003 [ELECTABLE]
2024-11-11 03:40:31.707 UTC INFO [rg1-rn1] JE recovery: BECOME_CONSISTENT
2024-11-11 03:40:31.708 UTC INFO [rg1-rn1] JE: Node rg1-rn1 started
2024-11-11 03:40:31.709 UTC INFO [rg1-rn1] JE: node:NullNode(-1) state change from MASTER to UNKNOWN
2024-11-11 03:40:31.710 UTC INFO [rg1-rn1] JE: node:rg1-rn1(1) state change from UNKNOWN to MASTER
2024-11-11 03:40:31.711 UTC INFO [rg1-rn1] JE: Feeder manager accepting requests.
2024-11-11 03:40:31.711 UTC INFO [rg1-rn1] JE: Joining group as master
2024-11-11 03:40:31.712 UTC INFO [rg1-rn1] Opened JE environment: 20.3.17 JVM max heap: 67,108,864 JE properties:  nodeName=null allowCreate=true recoveryProgressListener=true classLoader=false customStats=false cacheSize=46976204 offHeapCacheSize=0 cacheMode=EVICT_LN txnNoSync=false txnWriteNoSync=false exceptionListener=false map={je.log.numBuffers=16, je.maxMemory=0, je.rep.preHeartbeatTimeoutMs=5000000000, je.rep.replicaAckTimeout=5 s, je.log.fileCacheSize=2000, je.log.iteratorReadSize=1048576, je.lock.nLockTables=97, je.rep.nodeName=rg1-rn1, je.file.logging.directory=./kvroot/kvstore/log, je.maxOffHeapMemory=0, je.rep.ignoreSecondaryNodeId=true, je.rep.envUnknownStateTimeout=10 s, je.rep.vlsn.logCacheSize=128, je.rep.groupName=rg1, je.evictor.criticalPercentage=20, je.maxDisk=1073741824, je.rep.feederTimeout=10 s, je.rep.txnRollbackLimit=10, je.lock.timeout=10 s, je.checkpointer.bytesInterval=500000000, je.env.isTransactional=true, je.maxMemoryPercent=70, je.rep.preserveRecordVersion=true, je.log.faultReadSize=4096, je.txn.durability=WRITE_NO_SYNC,WRITE_NO_SYNC,SIMPLE_MAJORITY, je.rep.node.priority=1, je.cleaner.minUtilization=40, je.rep.disableAuthoritativeMaster=false, je.rep.electableGroupSizeOverride=0, je.file.logging.prefix=rg1-rn1, je.log.fileMax=1073741824, je.env.runEvictor=true, je.cleaner.minFileUtilization=5, je.rep.replayMaxOpenDbHandles=100, je.rep.vlsn.distance=1000000, je.nodeMaxEntries=128, je.rep.nodeHostPort=127.0.0.1:5003, je.cleaner.threads=2, je.env.runVerifier=false, je.cleaner.readSize=1048576, je.log.writeQueueSize=2097152, je.rep.helperHosts=127.0.0.1:5003, je.rep.replicaTimeout=10 s, je.rep.consistencyPolicy=NoConsistencyRequiredPolicy, je.rep.nodeType=ELECTABLE}
2024-11-11 03:40:31.755 UTC INFO [rg1-rn1] Local Environment version updated to: 20.3.18 2021-05-05 05:19:35 UTC  Build id: 8d8b7830ce8d Edition: Community Previous version:  none
2024-11-11 03:40:31.760 UTC INFO [rg1-rn1] State change event: Sun Nov 10 21:40:31 CST 2024, State: MASTER, Type: ELECTABLE, Master: rg1-rn1
2024-11-11 03:40:31.761 UTC INFO [rg1-rn1] MigrationStateTracker-serviceId-null queue added:MASTER
2024-11-11 03:40:31.761 UTC INFO [rg1-rn1] TableManagerStateTracker-serviceId-rg1-rn1 queue added:MASTER
2024-11-11 03:40:31.762 UTC INFO [rg1-rn1] MasterBalanceStateTracker-serviceId-rg1-rn1 queue added:MASTER
2024-11-11 03:40:31.762 UTC INFO [rg1-rn1] TextIndexFeederStateTracker-serviceId-rg1-rn1 queue added:MASTER
2024-11-11 03:40:31.763 UTC INFO [rg1-rn1] Replicated environment handle established. Cache size: 46976204, State: MASTER
2024-11-11 03:40:31.764 UTC INFO [rg1-rn1] Store did not contain a topology
2024-11-11 03:40:31.765 UTC INFO [rg1-rn1] Topology needs to be pushed to this node.
2024-11-11 03:40:31.764 UTC INFO [rg1-rn1] MasterBalanceStateTracker-serviceId-rg1-rn1 thread start: rg1-rn1
2024-11-11 03:40:31.765 UTC INFO [rg1-rn1] TableManagerStateTracker-serviceId-rg1-rn1 thread start: rg1-rn1
2024-11-11 03:40:31.765 UTC INFO [rg1-rn1] MigrationStateTracker-serviceId-null thread start: null
2024-11-11 03:40:31.765 UTC INFO [rg1-rn1] TextIndexFeederStateTracker-serviceId-rg1-rn1 thread start: rg1-rn1
2024-11-11 03:40:31.767 UTC INFO [rg1-rn1] Table manager change state to MASTER
2024-11-11 03:40:31.768 UTC INFO [rg1-rn1] TIF received state change MASTER
2024-11-11 03:40:31.767 UTC INFO [rg1-rn1] Migration manager change state to MASTER.
2024-11-11 03:40:31.768 UTC INFO [rg1-rn1] no text index found, skip starting TIF.
2024-11-11 03:40:31.772 UTC INFO [rg1-rn1] Migration db opened: MigrationDB, generation db opened: PartitionGenMD
2024-11-11 03:40:31.774 UTC INFO [rg1-rn1] Migration service accepting requests.
2024-11-11 03:40:31.776 UTC INFO [rg1-rn1] Starting Thread[KV table maintenance,5,RMI Runtime]
2024-11-11 03:40:31.777 UTC INFO [rg1-rn1] kvstore:rg1-rn1:MAIN service port: 44549
2024-11-11 03:40:31.802 UTC INFO [rg1-rn1] No RN Login configured. 
2024-11-11 03:40:31.802 UTC INFO [rg1-rn1] Service status changed from STARTING to RUNNING
2024-11-11 03:40:31.805 UTC INFO [rg1-rn1] Start statistics gathering: Thread[Key Stats Gather Thread,5,RMI Runtime]
2024-11-11 03:40:31.805 UTC INFO [rg1-rn1] Started RepNodeService
2024-11-11 03:40:31.805 UTC INFO [rg1-rn1] The next key stats scan interval begins at 2024-11-12 00:00:00.000 UTC
2024-11-11 03:40:32.273 UTC INFO [rg1-rn1] Topology updated from seq#: 0 to 4
2024-11-11 03:40:32.282 UTC INFO [rg1-rn1] Open SecurityMetadata DB
2024-11-11 03:40:32.283 UTC INFO [rg1-rn1] Established 0 partition database handles, topology seq#: 4
2024-11-11 03:40:32.283 UTC INFO [rg1-rn1] Open TableMetadata DB
2024-11-11 03:40:32.283 UTC INFO [rg1-rn1] Establishing secondary database handles, table seq#: 0
2024-11-11 03:40:32.285 UTC INFO [rg1-rn1] Established 0 secondary database handles
2024-11-11 03:40:32.285 UTC INFO [rg1-rn1] Establishing secondary database handles, table seq#: 0
2024-11-11 03:40:32.373 UTC INFO [rg1-rn1] Topology stored seq#: 4
2024-11-11 03:40:32.373 UTC INFO [rg1-rn1] Updating table metadata with TableMetadata[9, n:-, t:9, 9]
2024-11-11 03:40:32.375 UTC INFO [rg1-rn1] Enabling table metadata split, serial version=25
2024-11-11 03:40:32.379 UTC INFO [rg1-rn1] Metadata stored: TableMetadata[9, n:-, t:9, 9]
2024-11-11 03:40:32.380 UTC INFO [rg1-rn1] Starting Thread[KV table maintenance,5,RMI Runtime]
2024-11-11 03:40:32.380 UTC INFO [rg1-rn1] Establishing secondary database handles, table seq#: 9
2024-11-11 03:40:32.380 UTC INFO [rg1-rn1] Established 0 secondary database handles
2024-11-11 03:40:32.606 UTC INFO [rg1-rn1] newParameters are identical to old parameters
2024-11-11 03:40:32.911 UTC INFO [rg1-rn1] Topology incrementally updated from seq#: 4 to 14
2024-11-11 03:40:32.913 UTC INFO [rg1-rn1] Starting Thread[KV table maintenance,5,RMI Runtime]
2024-11-11 03:40:32.914 UTC INFO [rg1-rn1] Establishing secondary database handles, table seq#: 9
2024-11-11 03:40:32.914 UTC INFO [rg1-rn1] Established 0 secondary database handles
2024-11-11 03:40:32.953 UTC INFO [rg1-rn1] Topology stored seq#: 14
2024-11-11 03:40:32.962 UTC INFO [rg1-rn1] Established 10 partition database handles, topology seq#: 14
2024-11-11 03:41:17.825 UTC INFO [rg1-rn1] Task coordinator. Max trailing throughput: 12,600 RWKB/sec. App permits:70% (2 permits); Outstanding permits: 0 real, 0 deficit. < Task: KVStorageStats, permits:1 Real permits granted: 0 Deficit permits granted: 0 Expired permits:0 >, < Task: JEBackupManagerCopyLogFile, permits:1 Real permits granted: 0 Deficit permits granted: 0 Expired permits:0 >, < Task: KVIndexCreation, permits:1 Real permits granted: 0 Deficit permits granted: 0 Expired permits:0 >
2024-11-11 03:41:29.827 UTC INFO [rg1-rn1] Task coordinator. Max trailing throughput: 0 RWKB/sec. App permits:0% (0 permits); Outstanding permits: 0 real, 0 deficit. < Task: KVStorageStats, permits:1 Real permits granted: 0 Deficit permits granted: 0 Expired permits:0 >, < Task: JEBackupManagerCopyLogFile, permits:1 Real permits granted: 0 Deficit permits granted: 0 Expired permits:0 >, < Task: KVIndexCreation, permits:1 Real permits granted: 0 Deficit permits granted: 0 Expired permits:0 >
2024-11-11 03:41:29.885 UTC INFO [rg1-rn1] Establishing RMI connection for admin DDL
2024-11-11 03:41:29.890 UTC INFO [rg1-rn1] Establishing RMI connection for admin DDL
2024-11-11 03:41:29.892 UTC INFO [rg1-rn1] Establishing RMI connection for admin DDL
2024-11-11 03:41:30.021 UTC INFO [rg1-rn1] JE: Updated minimum JE group version to 6.5.0
2024-11-11 03:41:30.114 UTC INFO [rg1-rn1] Key stats scan took 244ms to scan 17,458 records
2024-11-11 03:42:23.064 UTC INFO [rg1-rn1] Task coordinator. Max trailing throughput: 11,583 RWKB/sec. App permits:70% (2 permits); Outstanding permits: 0 real, 0 deficit. < Task: KVStorageStats, permits:1 Real permits granted: 10 Deficit permits granted: 0 Expired permits:0 >, < Task: JEBackupManagerCopyLogFile, permits:1 Real permits granted: 0 Deficit permits granted: 0 Expired permits:0 >, < Task: KVIndexCreation, permits:1 Real permits granted: 0 Deficit permits granted: 0 Expired permits:0 >
2024-11-11 03:42:36.084 UTC INFO [rg1-rn1] Task coordinator. Max trailing throughput: 9,499 RWKB/sec. App permits:30% (0 permits); Outstanding permits: 0 real, 0 deficit. < Task: KVStorageStats, permits:1 Real permits granted: 10 Deficit permits granted: 0 Expired permits:0 >, < Task: JEBackupManagerCopyLogFile, permits:1 Real permits granted: 0 Deficit permits granted: 0 Expired permits:0 >, < Task: KVIndexCreation, permits:1 Real permits granted: 0 Deficit permits granted: 0 Expired permits:0 >
2024-11-11 03:43:08.265 UTC INFO [rg1-rn1] Task coordinator. Max trailing throughput: 12,373 RWKB/sec. App permits:70% (2 permits); Outstanding permits: 0 real, 0 deficit. < Task: KVStorageStats, permits:1 Real permits granted: 10 Deficit permits granted: 0 Expired permits:0 >, < Task: JEBackupManagerCopyLogFile, permits:1 Real permits granted: 0 Deficit permits granted: 0 Expired permits:0 >, < Task: KVIndexCreation, permits:1 Real permits granted: 0 Deficit permits granted: 0 Expired permits:0 >
2024-11-11 03:43:20.294 UTC INFO [rg1-rn1] Task coordinator. Max trailing throughput: 0 RWKB/sec. App permits:0% (0 permits); Outstanding permits: 0 real, 0 deficit. < Task: KVStorageStats, permits:1 Real permits granted: 10 Deficit permits granted: 0 Expired permits:0 >, < Task: JEBackupManagerCopyLogFile, permits:1 Real permits granted: 0 Deficit permits granted: 0 Expired permits:0 >, < Task: KVIndexCreation, permits:1 Real permits granted: 0 Deficit permits granted: 0 Expired permits:0 >
2024-11-11 03:43:28.315 UTC INFO [rg1-rn1] Task coordinator. Max trailing throughput: 35,739 RWKB/sec. App permits:100% (3 permits); Outstanding permits: 0 real, 0 deficit. < Task: KVStorageStats, permits:1 Real permits granted: 10 Deficit permits granted: 0 Expired permits:0 >, < Task: JEBackupManagerCopyLogFile, permits:1 Real permits granted: 0 Deficit permits granted: 0 Expired permits:0 >, < Task: KVIndexCreation, permits:1 Real permits granted: 0 Deficit permits granted: 0 Expired permits:0 >
2024-11-11 03:43:36.340 UTC INFO [rg1-rn1] Task coordinator. Max trailing throughput: 18,997 RWKB/sec. App permits:70% (2 permits); Outstanding permits: 0 real, 0 deficit. < Task: KVStorageStats, permits:1 Real permits granted: 10 Deficit permits granted: 0 Expired permits:0 >, < Task: JEBackupManagerCopyLogFile, permits:1 Real permits granted: 0 Deficit permits granted: 0 Expired permits:0 >, < Task: KVIndexCreation, permits:1 Real permits granted: 0 Deficit permits granted: 0 Expired permits:0 >
2024-11-11 03:43:37.346 UTC INFO [rg1-rn1] Task coordinator. Max trailing throughput: 10,078 RWKB/sec. App permits:30% (0 permits); Outstanding permits: 0 real, 0 deficit. < Task: KVStorageStats, permits:1 Real permits granted: 10 Deficit permits granted: 0 Expired permits:0 >, < Task: JEBackupManagerCopyLogFile, permits:1 Real permits granted: 0 Deficit permits granted: 0 Expired permits:0 >, < Task: KVIndexCreation, permits:1 Real permits granted: 0 Deficit permits granted: 0 Expired permits:0 >
2024-11-11 03:43:47.361 UTC INFO [rg1-rn1] Task coordinator. Max trailing throughput: 14,018 RWKB/sec. App permits:70% (2 permits); Outstanding permits: 0 real, 0 deficit. < Task: KVStorageStats, permits:1 Real permits granted: 10 Deficit permits granted: 0 Expired permits:0 >, < Task: JEBackupManagerCopyLogFile, permits:1 Real permits granted: 0 Deficit permits granted: 0 Expired permits:0 >, < Task: KVIndexCreation, permits:1 Real permits granted: 0 Deficit permits granted: 0 Expired permits:0 >
2024-11-11 03:43:59.468 UTC INFO [rg1-rn1] Task coordinator. Max trailing throughput: 0 RWKB/sec. App permits:0% (0 permits); Outstanding permits: 0 real, 0 deficit. < Task: KVStorageStats, permits:1 Real permits granted: 10 Deficit permits granted: 0 Expired permits:0 >, < Task: JEBackupManagerCopyLogFile, permits:1 Real permits granted: 0 Deficit permits granted: 0 Expired permits:0 >, < Task: KVIndexCreation, permits:1 Real permits granted: 0 Deficit permits granted: 0 Expired permits:0 >
2024-11-11 03:44:17.657 UTC INFO [rg1-rn1] Task coordinator. Max trailing throughput: 11,344 RWKB/sec. App permits:70% (2 permits); Outstanding permits: 0 real, 0 deficit. < Task: KVStorageStats, permits:1 Real permits granted: 10 Deficit permits granted: 0 Expired permits:0 >, < Task: JEBackupManagerCopyLogFile, permits:1 Real permits granted: 0 Deficit permits granted: 0 Expired permits:0 >, < Task: KVIndexCreation, permits:1 Real permits granted: 0 Deficit permits granted: 0 Expired permits:0 >
2024-11-11 03:44:29.679 UTC INFO [rg1-rn1] Task coordinator. Max trailing throughput: 7,246 RWKB/sec. App permits:30% (0 permits); Outstanding permits: 0 real, 0 deficit. < Task: KVStorageStats, permits:1 Real permits granted: 10 Deficit permits granted: 0 Expired permits:0 >, < Task: JEBackupManagerCopyLogFile, permits:1 Real permits granted: 0 Deficit permits granted: 0 Expired permits:0 >, < Task: KVIndexCreation, permits:1 Real permits granted: 0 Deficit permits granted: 0 Expired permits:0 >
2024-11-11 03:44:39.695 UTC INFO [rg1-rn1] Task coordinator. Max trailing throughput: 10,828 RWKB/sec. App permits:70% (2 permits); Outstanding permits: 0 real, 0 deficit. < Task: KVStorageStats, permits:1 Real permits granted: 10 Deficit permits granted: 0 Expired permits:0 >, < Task: JEBackupManagerCopyLogFile, permits:1 Real permits granted: 0 Deficit permits granted: 0 Expired permits:0 >, < Task: KVIndexCreation, permits:1 Real permits granted: 0 Deficit permits granted: 0 Expired permits:0 >
2024-11-11 03:44:51.714 UTC INFO [rg1-rn1] Task coordinator. Max trailing throughput: 0 RWKB/sec. App permits:0% (0 permits); Outstanding permits: 0 real, 0 deficit. < Task: KVStorageStats, permits:1 Real permits granted: 10 Deficit permits granted: 0 Expired permits:0 >, < Task: JEBackupManagerCopyLogFile, permits:1 Real permits granted: 0 Deficit permits granted: 0 Expired permits:0 >, < Task: KVIndexCreation, permits:1 Real permits granted: 0 Deficit permits granted: 0 Expired permits:0 >
2024-11-11 03:45:15.829 UTC INFO [rg1-rn1] Task coordinator. Max trailing throughput: 30,971 RWKB/sec. App permits:100% (3 permits); Outstanding permits: 0 real, 0 deficit. < Task: KVStorageStats, permits:1 Real permits granted: 10 Deficit permits granted: 0 Expired permits:0 >, < Task: JEBackupManagerCopyLogFile, permits:1 Real permits granted: 0 Deficit permits granted: 0 Expired permits:0 >, < Task: KVIndexCreation, permits:1 Real permits granted: 0 Deficit permits granted: 0 Expired permits:0 >
2024-11-11 03:45:23.905 UTC INFO [rg1-rn1] Task coordinator. Max trailing throughput: 19,002 RWKB/sec. App permits:70% (2 permits); Outstanding permits: 0 real, 0 deficit. < Task: KVStorageStats, permits:1 Real permits granted: 10 Deficit permits granted: 0 Expired permits:0 >, < Task: JEBackupManagerCopyLogFile, permits:1 Real permits granted: 0 Deficit permits granted: 0 Expired permits:0 >, < Task: KVIndexCreation, permits:1 Real permits granted: 0 Deficit permits granted: 0 Expired permits:0 >
2024-11-11 03:45:31.002 UTC INFO [rg1-rn1] Task coordinator. Max trailing throughput: 9 RWKB/sec. App permits:0% (0 permits); Outstanding permits: 0 real, 0 deficit. < Task: KVStorageStats, permits:1 Real permits granted: 10 Deficit permits granted: 0 Expired permits:0 >, < Task: JEBackupManagerCopyLogFile, permits:1 Real permits granted: 0 Deficit permits granted: 0 Expired permits:0 >, < Task: KVIndexCreation, permits:1 Real permits granted: 0 Deficit permits granted: 0 Expired permits:0 >
